# JRE version: OpenJDK Runtime Environment (17.0.10) (build 17.0.10+0--11609105)
# Java VM: OpenJDK 64-Bit Server VM (17.0.10+0--11609105, mixed mode, tiered, compressed oops, compressed class ptrs, g1 gc, windows-amd64)
GC Precious Log:
 CPUs: 4 total, 4 available
 Memory: 8108M
 Large Page Support: Disabled
 NUMA Support: Disabled
 Compressed Oops: Enabled (32-bit)
 Heap Region Size: 1M
 Heap Min Capacity: 8M
 Heap Initial Capacity: 128M
 Heap Max Capacity: 2G
 Pre-touch: Disabled
 Parallel Workers: 4
 Concurrent Workers: 1
 Concurrent Refinement Workers: 4
 Periodic GC: Disabled
Heap:
 garbage-first heap   total 194560K, used 125872K [0x0000000080000000, 0x0000000100000000)
  region size 1024K, 12 young (12288K), 3 survivors (3072K)
 Metaspace       used 89446K, committed 90176K, reserved 1179648K
  class space    used 12093K, committed 12416K, reserved 1048576K
GC Heap History (20 events):
Event: 47.040 GC heap before
{Heap before GC invocations=43 (full 0):
 garbage-first heap   total 140288K, used 108034K [0x0000000080000000, 0x0000000100000000)
  region size 1024K, 11 young (11264K), 1 survivors (1024K)
 Metaspace       used 69962K, committed 70656K, reserved 1114112K
  class space    used 9449K, committed 9792K, reserved 1048576K
}
Event: 47.044 GC heap after
{Heap after GC invocations=44 (full 0):
 garbage-first heap   total 140288K, used 100469K [0x0000000080000000, 0x0000000100000000)
  region size 1024K, 2 young (2048K), 2 survivors (2048K)
 Metaspace       used 69962K, committed 70656K, reserved 1114112K
  class space    used 9449K, committed 9792K, reserved 1048576K
}
Event: 48.518 GC heap before
{Heap before GC invocations=45 (full 0):
 garbage-first heap   total 174080K, used 115829K [0x0000000080000000, 0x0000000100000000)
  region size 1024K, 17 young (17408K), 2 survivors (2048K)
 Metaspace       used 71121K, committed 71872K, reserved 1114112K
  class space    used 9604K, committed 9984K, reserved 1048576K
}
Event: 48.522 GC heap after
{Heap after GC invocations=46 (full 0):
 garbage-first heap   total 174080K, used 101871K [0x0000000080000000, 0x0000000100000000)
  region size 1024K, 1 young (1024K), 1 survivors (1024K)
 Metaspace       used 71121K, committed 71872K, reserved 1114112K
  class space    used 9604K, committed 9984K, reserved 1048576K
}
Event: 49.043 GC heap before
{Heap before GC invocations=46 (full 0):
 garbage-first heap   total 174080K, used 109039K [0x0000000080000000, 0x0000000100000000)
  region size 1024K, 8 young (8192K), 1 survivors (1024K)
 Metaspace       used 71649K, committed 72384K, reserved 1114112K
  class space    used 9690K, committed 10048K, reserved 1048576K
}
Event: 49.049 GC heap after
{Heap after GC invocations=47 (full 0):
 garbage-first heap   total 174080K, used 101987K [0x0000000080000000, 0x0000000100000000)
  region size 1024K, 1 young (1024K), 1 survivors (1024K)
 Metaspace       used 71649K, committed 72384K, reserved 1114112K
  class space    used 9690K, committed 10048K, reserved 1048576K
}
Event: 51.305 GC heap before
{Heap before GC invocations=47 (full 0):
 garbage-first heap   total 174080K, used 140899K [0x0000000080000000, 0x0000000100000000)
  region size 1024K, 39 young (39936K), 1 survivors (1024K)
 Metaspace       used 75536K, committed 76160K, reserved 1179648K
  class space    used 10134K, committed 10432K, reserved 1048576K
}
Event: 51.316 GC heap after
{Heap after GC invocations=48 (full 0):
 garbage-first heap   total 174080K, used 102966K [0x0000000080000000, 0x0000000100000000)
  region size 1024K, 2 young (2048K), 2 survivors (2048K)
 Metaspace       used 75536K, committed 76160K, reserved 1179648K
  class space    used 10134K, committed 10432K, reserved 1048576K
}
Event: 53.930 GC heap before
{Heap before GC invocations=49 (full 0):
 garbage-first heap   total 179200K, used 148022K [0x0000000080000000, 0x0000000100000000)
  region size 1024K, 41 young (41984K), 2 survivors (2048K)
 Metaspace       used 77793K, committed 78528K, reserved 1179648K
  class space    used 10498K, committed 10816K, reserved 1048576K
}
Event: 53.937 GC heap after
{Heap after GC invocations=50 (full 0):
 garbage-first heap   total 179200K, used 108142K [0x0000000080000000, 0x0000000100000000)
  region size 1024K, 6 young (6144K), 6 survivors (6144K)
 Metaspace       used 77793K, committed 78528K, reserved 1179648K
  class space    used 10498K, committed 10816K, reserved 1048576K
}
Event: 54.001 GC heap before
{Heap before GC invocations=50 (full 0):
 garbage-first heap   total 179200K, used 110190K [0x0000000080000000, 0x0000000100000000)
  region size 1024K, 8 young (8192K), 6 survivors (6144K)
 Metaspace       used 77997K, committed 78720K, reserved 1179648K
  class space    used 10515K, committed 10880K, reserved 1048576K
}
Event: 54.007 GC heap after
{Heap after GC invocations=51 (full 0):
 garbage-first heap   total 179200K, used 108451K [0x0000000080000000, 0x0000000100000000)
  region size 1024K, 1 young (1024K), 1 survivors (1024K)
 Metaspace       used 77997K, committed 78720K, reserved 1179648K
  class space    used 10515K, committed 10880K, reserved 1048576K
}
Event: 54.991 GC heap before
{Heap before GC invocations=51 (full 0):
 garbage-first heap   total 179200K, used 146339K [0x0000000080000000, 0x0000000100000000)
  region size 1024K, 38 young (38912K), 1 survivors (1024K)
 Metaspace       used 80647K, committed 81344K, reserved 1179648K
  class space    used 10859K, committed 11200K, reserved 1048576K
}
Event: 54.995 GC heap after
{Heap after GC invocations=52 (full 0):
 garbage-first heap   total 179200K, used 109832K [0x0000000080000000, 0x0000000100000000)
  region size 1024K, 3 young (3072K), 3 survivors (3072K)
 Metaspace       used 80647K, committed 81344K, reserved 1179648K
  class space    used 10859K, committed 11200K, reserved 1048576K
}
Event: 56.693 GC heap before
{Heap before GC invocations=53 (full 0):
 garbage-first heap   total 194560K, used 150792K [0x0000000080000000, 0x0000000100000000)
  region size 1024K, 39 young (39936K), 3 survivors (3072K)
 Metaspace       used 84210K, committed 84928K, reserved 1179648K
  class space    used 11366K, committed 11712K, reserved 1048576K
}
Event: 56.702 GC heap after
{Heap after GC invocations=54 (full 0):
 garbage-first heap   total 194560K, used 116071K [0x0000000080000000, 0x0000000100000000)
  region size 1024K, 5 young (5120K), 5 survivors (5120K)
 Metaspace       used 84210K, committed 84928K, reserved 1179648K
  class space    used 11366K, committed 11712K, reserved 1048576K
}
Event: 56.934 GC heap before
{Heap before GC invocations=54 (full 0):
 garbage-first heap   total 194560K, used 120167K [0x0000000080000000, 0x0000000100000000)
  region size 1024K, 9 young (9216K), 5 survivors (5120K)
 Metaspace       used 84650K, committed 85376K, reserved 1179648K
  class space    used 11434K, committed 11776K, reserved 1048576K
}
Event: 56.945 GC heap after
{Heap after GC invocations=55 (full 0):
 garbage-first heap   total 194560K, used 115991K [0x0000000080000000, 0x0000000100000000)
  region size 1024K, 1 young (1024K), 1 survivors (1024K)
 Metaspace       used 84650K, committed 85376K, reserved 1179648K
  class space    used 11434K, committed 11776K, reserved 1048576K
}
Event: 58.492 GC heap before
{Heap before GC invocations=55 (full 0):
 garbage-first heap   total 194560K, used 162071K [0x0000000080000000, 0x0000000100000000)
  region size 1024K, 46 young (47104K), 1 survivors (1024K)
 Metaspace       used 89033K, committed 89792K, reserved 1179648K
  class space    used 12037K, committed 12416K, reserved 1048576K
}
Event: 58.498 GC heap after
{Heap after GC invocations=56 (full 0):
 garbage-first heap   total 194560K, used 117680K [0x0000000080000000, 0x0000000100000000)
  region size 1024K, 3 young (3072K), 3 survivors (3072K)
 Metaspace       used 89033K, committed 89792K, reserved 1179648K
  class space    used 12037K, committed 12416K, reserved 1048576K
}

