# JRE version: OpenJDK Runtime Environment (17.0.10) (build 17.0.10+0--11609105)
# Java VM: OpenJDK 64-Bit Server VM (17.0.10+0--11609105, mixed mode, tiered, compressed oops, compressed class ptrs, g1 gc, windows-amd64)
GC Precious Log:
 CPUs: 4 total, 4 available
 Memory: 8108M
 Large Page Support: Disabled
 NUMA Support: Disabled
 Compressed Oops: Enabled (32-bit)
 Heap Region Size: 1M
 Heap Min Capacity: 8M
 Heap Initial Capacity: 128M
 Heap Max Capacity: 2028M
 Pre-touch: Disabled
 Parallel Workers: 4
 Concurrent Workers: 1
 Concurrent Refinement Workers: 4
 Periodic GC: Disabled
Heap:
 garbage-first heap   total 111616K, used 58415K [0x0000000081400000, 0x0000000100000000)
  region size 1024K, 2 young (2048K), 2 survivors (2048K)
 Metaspace       used 79509K, committed 79872K, reserved 1179648K
  class space    used 9185K, committed 9344K, reserved 1048576K
GC Heap History (20 events):
Event: 7.638 GC heap after
{Heap after GC invocations=18 (full 0):
 garbage-first heap   total 89088K, used 38239K [0x0000000081400000, 0x0000000100000000)
  region size 1024K, 5 young (5120K), 5 survivors (5120K)
 Metaspace       used 52985K, committed 53184K, reserved 1114112K
  class space    used 6299K, committed 6400K, reserved 1048576K
}
Event: 8.061 GC heap before
{Heap before GC invocations=18 (full 0):
 garbage-first heap   total 89088K, used 65887K [0x0000000081400000, 0x0000000100000000)
  region size 1024K, 32 young (32768K), 5 survivors (5120K)
 Metaspace       used 54309K, committed 54528K, reserved 1114112K
  class space    used 6445K, committed 6528K, reserved 1048576K
}
Event: 8.075 GC heap after
{Heap after GC invocations=19 (full 0):
 garbage-first heap   total 89088K, used 39604K [0x0000000081400000, 0x0000000100000000)
  region size 1024K, 1 young (1024K), 1 survivors (1024K)
 Metaspace       used 54309K, committed 54528K, reserved 1114112K
  class space    used 6445K, committed 6528K, reserved 1048576K
}
Event: 9.077 GC heap before
{Heap before GC invocations=19 (full 0):
 garbage-first heap   total 89088K, used 68276K [0x0000000081400000, 0x0000000100000000)
  region size 1024K, 29 young (29696K), 1 survivors (1024K)
 Metaspace       used 59549K, committed 59712K, reserved 1114112K
  class space    used 7217K, committed 7296K, reserved 1048576K
}
Event: 9.084 GC heap after
{Heap after GC invocations=20 (full 0):
 garbage-first heap   total 89088K, used 41095K [0x0000000081400000, 0x0000000100000000)
  region size 1024K, 3 young (3072K), 3 survivors (3072K)
 Metaspace       used 59549K, committed 59712K, reserved 1114112K
  class space    used 7217K, committed 7296K, reserved 1048576K
}
Event: 10.272 GC heap before
{Heap before GC invocations=20 (full 0):
 garbage-first heap   total 89088K, used 68743K [0x0000000081400000, 0x0000000100000000)
  region size 1024K, 31 young (31744K), 3 survivors (3072K)
 Metaspace       used 63998K, committed 64256K, reserved 1114112K
  class space    used 7643K, committed 7808K, reserved 1048576K
}
Event: 10.285 GC heap after
{Heap after GC invocations=21 (full 0):
 garbage-first heap   total 89088K, used 44854K [0x0000000081400000, 0x0000000100000000)
  region size 1024K, 4 young (4096K), 4 survivors (4096K)
 Metaspace       used 63998K, committed 64256K, reserved 1114112K
  class space    used 7643K, committed 7808K, reserved 1048576K
}
Event: 11.111 GC heap before
{Heap before GC invocations=21 (full 0):
 garbage-first heap   total 89088K, used 68406K [0x0000000081400000, 0x0000000100000000)
  region size 1024K, 28 young (28672K), 4 survivors (4096K)
 Metaspace       used 67432K, committed 67776K, reserved 1114112K
  class space    used 7956K, committed 8128K, reserved 1048576K
}
Event: 11.128 GC heap after
{Heap after GC invocations=22 (full 0):
 garbage-first heap   total 107520K, used 48065K [0x0000000081400000, 0x0000000100000000)
  region size 1024K, 3 young (3072K), 3 survivors (3072K)
 Metaspace       used 67432K, committed 67776K, reserved 1114112K
  class space    used 7956K, committed 8128K, reserved 1048576K
}
Event: 12.332 GC heap before
{Heap before GC invocations=23 (full 0):
 garbage-first heap   total 107520K, used 83905K [0x0000000081400000, 0x0000000100000000)
  region size 1024K, 38 young (38912K), 3 survivors (3072K)
 Metaspace       used 72873K, committed 73216K, reserved 1114112K
  class space    used 8564K, committed 8704K, reserved 1048576K
}
Event: 12.344 GC heap after
{Heap after GC invocations=24 (full 0):
 garbage-first heap   total 107520K, used 52073K [0x0000000081400000, 0x0000000100000000)
  region size 1024K, 4 young (4096K), 4 survivors (4096K)
 Metaspace       used 72873K, committed 73216K, reserved 1114112K
  class space    used 8564K, committed 8704K, reserved 1048576K
}
Event: 12.364 GC heap before
{Heap before GC invocations=24 (full 0):
 garbage-first heap   total 107520K, used 52073K [0x0000000081400000, 0x0000000100000000)
  region size 1024K, 5 young (5120K), 4 survivors (4096K)
 Metaspace       used 73085K, committed 73408K, reserved 1114112K
  class space    used 8602K, committed 8768K, reserved 1048576K
}
Event: 12.378 GC heap after
{Heap after GC invocations=25 (full 0):
 garbage-first heap   total 107520K, used 52434K [0x0000000081400000, 0x0000000100000000)
  region size 1024K, 1 young (1024K), 1 survivors (1024K)
 Metaspace       used 73085K, committed 73408K, reserved 1114112K
  class space    used 8602K, committed 8768K, reserved 1048576K
}
Event: 12.936 GC heap before
{Heap before GC invocations=25 (full 0):
 garbage-first heap   total 107520K, used 84178K [0x0000000081400000, 0x0000000100000000)
  region size 1024K, 32 young (32768K), 1 survivors (1024K)
 Metaspace       used 76165K, committed 76480K, reserved 1179648K
  class space    used 8895K, committed 9024K, reserved 1048576K
}
Event: 12.949 GC heap after
{Heap after GC invocations=26 (full 0):
 garbage-first heap   total 107520K, used 56636K [0x0000000081400000, 0x0000000100000000)
  region size 1024K, 4 young (4096K), 4 survivors (4096K)
 Metaspace       used 76165K, committed 76480K, reserved 1179648K
  class space    used 8895K, committed 9024K, reserved 1048576K
}
Event: 13.370 GC heap before
{Heap before GC invocations=27 (full 0):
 garbage-first heap   total 111616K, used 85308K [0x0000000081400000, 0x0000000100000000)
  region size 1024K, 32 young (32768K), 4 survivors (4096K)
 Metaspace       used 76786K, committed 77120K, reserved 1179648K
  class space    used 8952K, committed 9088K, reserved 1048576K
}
Event: 13.384 GC heap after
{Heap after GC invocations=28 (full 0):
 garbage-first heap   total 111616K, used 57691K [0x0000000081400000, 0x0000000100000000)
  region size 1024K, 1 young (1024K), 1 survivors (1024K)
 Metaspace       used 76786K, committed 77120K, reserved 1179648K
  class space    used 8952K, committed 9088K, reserved 1048576K
}
Event: 13.427 GC heap before
{Heap before GC invocations=28 (full 0):
 garbage-first heap   total 111616K, used 61787K [0x0000000081400000, 0x0000000100000000)
  region size 1024K, 5 young (5120K), 1 survivors (1024K)
 Metaspace       used 76954K, committed 77248K, reserved 1179648K
  class space    used 8966K, committed 9088K, reserved 1048576K
}
Event: 13.433 GC heap after
{Heap after GC invocations=29 (full 0):
 garbage-first heap   total 111616K, used 57505K [0x0000000081400000, 0x0000000100000000)
  region size 1024K, 1 young (1024K), 1 survivors (1024K)
 Metaspace       used 76954K, committed 77248K, reserved 1179648K
  class space    used 8966K, committed 9088K, reserved 1048576K
}
Event: 13.964 GC heap before
{Heap before GC invocations=29 (full 0):
 garbage-first heap   total 111616K, used 90273K [0x0000000081400000, 0x0000000100000000)
  region size 1024K, 33 young (33792K), 1 survivors (1024K)
 Metaspace       used 79509K, committed 79872K, reserved 1179648K
  class space    used 9185K, committed 9344K, reserved 1048576K
}

